<?xml version="1.0" encoding="UTF-8"?>
<!-- Generated by org.testng.reporters.JUnitReportReporter -->
<testsuite skipped="0" hostname="LENOVO" name="testNG.TestGoogle" tests="2" failures="0" timestamp="16 Sep 2017 08:54:08 GMT" time="22.398" errors="0">
  <testcase name="Bing" time="6.664" classname="testNG.TestGoogle"/>
  <testcase name="TestGoogle" time="15.734" classname="testNG.TestGoogle"/>
</testsuite> <!-- testNG.TestGoogle -->
